<?xml version="1.0" encoding="UTF-8"?>
<testng-results ignored="0" total="4" passed="2" failed="2" skipped="0">
  <reporter-output>
  </reporter-output>
  <suite started-at="2021-03-12T16:01:57 IST" name="Default suite" finished-at="2021-03-12T16:03:25 IST" duration-ms="88222">
    <groups>
    </groups>
    <test started-at="2021-03-12T16:01:57 IST" name="Default test" finished-at="2021-03-12T16:03:25 IST" duration-ms="88222">
      <class name="tests.addaautomation">
        <test-method is-config="true" signature="setup()[pri:0, instance:tests.addaautomation@119cbf96]" started-at="2021-03-12T16:01:57 IST" name="setup" finished-at="2021-03-12T16:02:16 IST" duration-ms="18865" status="PASS">
          <reporter-output>
          </reporter-output>
        </test-method> <!-- setup -->
        <test-method signature="openapp()[pri:1, instance:tests.addaautomation@119cbf96]" started-at="2021-03-12T16:02:16 IST" name="openapp" finished-at="2021-03-12T16:02:54 IST" duration-ms="37839" status="PASS">
          <reporter-output>
          </reporter-output>
        </test-method> <!-- openapp -->
        <test-method signature="CreateHelpdesk()[pri:3, instance:tests.addaautomation@119cbf96]" started-at="2021-03-12T16:02:54 IST" name="CreateHelpdesk" finished-at="2021-03-12T16:03:18 IST" duration-ms="24875" status="PASS">
          <reporter-output>
          </reporter-output>
        </test-method> <!-- CreateHelpdesk -->
        <test-method signature="CreatePoll()[pri:5, instance:tests.addaautomation@119cbf96]" started-at="2021-03-12T16:03:18 IST" name="CreatePoll" finished-at="2021-03-12T16:03:23 IST" duration-ms="4873" status="FAIL">
          <exception class="org.openqa.selenium.NoSuchElementException">
            <message>
              <![CDATA[An element could not be located on the page using the given search parameters.
For documentation on this error, please visit: https://www.seleniumhq.org/exceptions/no_such_element.html
Build info: version: '3.141.59', revision: 'e82be7d358', time: '2018-11-14T08:17:03'
System info: host: 'DESKTOP-V4V8UK9', ip: '192.168.1.43', os.name: 'Windows 10', os.arch: 'amd64', os.version: '10.0', java.version: '15.0.2'
Driver info: io.appium.java_client.android.AndroidDriver
Capabilities {appActivity: .login.LoginActivity, appPackage: com.threefiveeight.adda, automationName: Appium, databaseEnabled: false, desired: {appActivity: .login.LoginActivity, appPackage: com.threefiveeight.adda, automationName: Appium, deviceName: Redmi, disableAndroidWatchers: true, ignoreHiddenApiPolicyError: true, ignoreUnimportantViews: true, newCommandTimeout: 60, platformName: android, platformVersion: 9 PPR1.180610.011, resetKeyboard: false, udid: cf27ceaa7d31, unicodeKeyboard: true}, deviceApiLevel: 28, deviceManufacturer: Xiaomi, deviceModel: Redmi 6A, deviceName: cf27ceaa7d31, deviceScreenDensity: 320, deviceScreenSize: 720x1440, deviceUDID: cf27ceaa7d31, disableAndroidWatchers: true, ignoreHiddenApiPolicyError: true, ignoreUnimportantViews: true, javascriptEnabled: true, locationContextEnabled: false, networkConnectionEnabled: true, newCommandTimeout: 60, pixelRatio: 2, platform: LINUX, platformName: Android, platformVersion: 9, resetKeyboard: false, statBarHeight: 48, takesScreenshot: true, udid: cf27ceaa7d31, unicodeKeyboard: true, viewportRect: {height: 1296, left: 0, top: 48, width: 720}, warnings: {}, webStorageEnabled: false}
Session ID: 53dcd5eb-5217-46c8-8e3d-3dc095c75f9b
*** Element info: {Using=id, value=com.threefiveeight.adda:id/etPollTopic}]]>
            </message>
            <full-stacktrace>
              <![CDATA[org.openqa.selenium.NoSuchElementException: An element could not be located on the page using the given search parameters.
For documentation on this error, please visit: https://www.seleniumhq.org/exceptions/no_such_element.html
Build info: version: '3.141.59', revision: 'e82be7d358', time: '2018-11-14T08:17:03'
System info: host: 'DESKTOP-V4V8UK9', ip: '192.168.1.43', os.name: 'Windows 10', os.arch: 'amd64', os.version: '10.0', java.version: '15.0.2'
Driver info: io.appium.java_client.android.AndroidDriver
Capabilities {appActivity: .login.LoginActivity, appPackage: com.threefiveeight.adda, automationName: Appium, databaseEnabled: false, desired: {appActivity: .login.LoginActivity, appPackage: com.threefiveeight.adda, automationName: Appium, deviceName: Redmi, disableAndroidWatchers: true, ignoreHiddenApiPolicyError: true, ignoreUnimportantViews: true, newCommandTimeout: 60, platformName: android, platformVersion: 9 PPR1.180610.011, resetKeyboard: false, udid: cf27ceaa7d31, unicodeKeyboard: true}, deviceApiLevel: 28, deviceManufacturer: Xiaomi, deviceModel: Redmi 6A, deviceName: cf27ceaa7d31, deviceScreenDensity: 320, deviceScreenSize: 720x1440, deviceUDID: cf27ceaa7d31, disableAndroidWatchers: true, ignoreHiddenApiPolicyError: true, ignoreUnimportantViews: true, javascriptEnabled: true, locationContextEnabled: false, networkConnectionEnabled: true, newCommandTimeout: 60, pixelRatio: 2, platform: LINUX, platformName: Android, platformVersion: 9, resetKeyboard: false, statBarHeight: 48, takesScreenshot: true, udid: cf27ceaa7d31, unicodeKeyboard: true, viewportRect: {height: 1296, left: 0, top: 48, width: 720}, warnings: {}, webStorageEnabled: false}
Session ID: 53dcd5eb-5217-46c8-8e3d-3dc095c75f9b
*** Element info: {Using=id, value=com.threefiveeight.adda:id/etPollTopic}
at java.base/jdk.internal.reflect.NativeConstructorAccessorImpl.newInstance0(Native Method)
at java.base/jdk.internal.reflect.NativeConstructorAccessorImpl.newInstance(NativeConstructorAccessorImpl.java:64)
at java.base/jdk.internal.reflect.DelegatingConstructorAccessorImpl.newInstance(DelegatingConstructorAccessorImpl.java:45)
at java.base/java.lang.reflect.Constructor.newInstanceWithCaller(Constructor.java:500)
at java.base/java.lang.reflect.Constructor.newInstance(Constructor.java:481)
at org.openqa.selenium.remote.http.W3CHttpResponseCodec.createException(W3CHttpResponseCodec.java:187)
at org.openqa.selenium.remote.http.W3CHttpResponseCodec.decode(W3CHttpResponseCodec.java:122)
at org.openqa.selenium.remote.http.W3CHttpResponseCodec.decode(W3CHttpResponseCodec.java:49)
at org.openqa.selenium.remote.HttpCommandExecutor.execute(HttpCommandExecutor.java:158)
at io.appium.java_client.remote.AppiumCommandExecutor.execute(AppiumCommandExecutor.java:247)
at org.openqa.selenium.remote.RemoteWebDriver.execute(RemoteWebDriver.java:552)
at io.appium.java_client.DefaultGenericMobileDriver.execute(DefaultGenericMobileDriver.java:41)
at io.appium.java_client.AppiumDriver.execute(AppiumDriver.java:1)
at io.appium.java_client.android.AndroidDriver.execute(AndroidDriver.java:1)
at org.openqa.selenium.remote.RemoteWebDriver.findElement(RemoteWebDriver.java:323)
at io.appium.java_client.DefaultGenericMobileDriver.findElement(DefaultGenericMobileDriver.java:61)
at io.appium.java_client.AppiumDriver.findElement(AppiumDriver.java:1)
at io.appium.java_client.android.AndroidDriver.findElement(AndroidDriver.java:1)
at org.openqa.selenium.remote.RemoteWebDriver.findElementById(RemoteWebDriver.java:372)
at io.appium.java_client.DefaultGenericMobileDriver.findElementById(DefaultGenericMobileDriver.java:69)
at io.appium.java_client.AppiumDriver.findElementById(AppiumDriver.java:1)
at io.appium.java_client.android.AndroidDriver.findElementById(AndroidDriver.java:1)
at org.openqa.selenium.By$ById.findElement(By.java:188)
at org.openqa.selenium.remote.RemoteWebDriver.findElement(RemoteWebDriver.java:315)
at io.appium.java_client.DefaultGenericMobileDriver.findElement(DefaultGenericMobileDriver.java:57)
at io.appium.java_client.AppiumDriver.findElement(AppiumDriver.java:1)
at io.appium.java_client.android.AndroidDriver.findElement(AndroidDriver.java:1)
at tests.addaautomation.CreatePoll(addaautomation.java:218)
at java.base/jdk.internal.reflect.NativeMethodAccessorImpl.invoke0(Native Method)
at java.base/jdk.internal.reflect.NativeMethodAccessorImpl.invoke(NativeMethodAccessorImpl.java:64)
at java.base/jdk.internal.reflect.DelegatingMethodAccessorImpl.invoke(DelegatingMethodAccessorImpl.java:43)
at java.base/java.lang.reflect.Method.invoke(Method.java:564)
at org.testng.internal.MethodInvocationHelper.invokeMethod(MethodInvocationHelper.java:132)
at org.testng.internal.TestInvoker.invokeMethod(TestInvoker.java:599)
at org.testng.internal.TestInvoker.invokeTestMethod(TestInvoker.java:174)
at org.testng.internal.MethodRunner.runInSequence(MethodRunner.java:46)
at org.testng.internal.TestInvoker$MethodInvocationAgent.invoke(TestInvoker.java:822)
at org.testng.internal.TestInvoker.invokeTestMethods(TestInvoker.java:147)
at org.testng.internal.TestMethodWorker.invokeTestMethods(TestMethodWorker.java:146)
at org.testng.internal.TestMethodWorker.run(TestMethodWorker.java:128)
at java.base/java.util.ArrayList.forEach(ArrayList.java:1511)
at org.testng.TestRunner.privateRun(TestRunner.java:764)
at org.testng.TestRunner.run(TestRunner.java:585)
at org.testng.SuiteRunner.runTest(SuiteRunner.java:384)
at org.testng.SuiteRunner.runSequentially(SuiteRunner.java:378)
at org.testng.SuiteRunner.privateRun(SuiteRunner.java:337)
at org.testng.SuiteRunner.run(SuiteRunner.java:286)
at org.testng.SuiteRunnerWorker.runSuite(SuiteRunnerWorker.java:53)
at org.testng.SuiteRunnerWorker.run(SuiteRunnerWorker.java:96)
at org.testng.TestNG.runSuitesSequentially(TestNG.java:1218)
at org.testng.TestNG.runSuitesLocally(TestNG.java:1140)
at org.testng.TestNG.runSuites(TestNG.java:1069)
at org.testng.TestNG.run(TestNG.java:1037)
at org.testng.remote.AbstractRemoteTestNG.run(AbstractRemoteTestNG.java:115)
at org.testng.remote.RemoteTestNG.initAndRun(RemoteTestNG.java:251)
at org.testng.remote.RemoteTestNG.main(RemoteTestNG.java:77)
]]>
            </full-stacktrace>
          </exception> <!-- org.openqa.selenium.NoSuchElementException -->
          <reporter-output>
          </reporter-output>
        </test-method> <!-- CreatePoll -->
        <test-method signature="bookFacility()[pri:6, instance:tests.addaautomation@119cbf96]" started-at="2021-03-12T16:03:23 IST" name="bookFacility" finished-at="2021-03-12T16:03:25 IST" duration-ms="1669" status="FAIL">
          <exception class="org.openqa.selenium.NoSuchElementException">
            <message>
              <![CDATA[An element could not be located on the page using the given search parameters.
For documentation on this error, please visit: https://www.seleniumhq.org/exceptions/no_such_element.html
Build info: version: '3.141.59', revision: 'e82be7d358', time: '2018-11-14T08:17:03'
System info: host: 'DESKTOP-V4V8UK9', ip: '192.168.1.43', os.name: 'Windows 10', os.arch: 'amd64', os.version: '10.0', java.version: '15.0.2'
Driver info: io.appium.java_client.android.AndroidDriver
Capabilities {appActivity: .login.LoginActivity, appPackage: com.threefiveeight.adda, automationName: Appium, databaseEnabled: false, desired: {appActivity: .login.LoginActivity, appPackage: com.threefiveeight.adda, automationName: Appium, deviceName: Redmi, disableAndroidWatchers: true, ignoreHiddenApiPolicyError: true, ignoreUnimportantViews: true, newCommandTimeout: 60, platformName: android, platformVersion: 9 PPR1.180610.011, resetKeyboard: false, udid: cf27ceaa7d31, unicodeKeyboard: true}, deviceApiLevel: 28, deviceManufacturer: Xiaomi, deviceModel: Redmi 6A, deviceName: cf27ceaa7d31, deviceScreenDensity: 320, deviceScreenSize: 720x1440, deviceUDID: cf27ceaa7d31, disableAndroidWatchers: true, ignoreHiddenApiPolicyError: true, ignoreUnimportantViews: true, javascriptEnabled: true, locationContextEnabled: false, networkConnectionEnabled: true, newCommandTimeout: 60, pixelRatio: 2, platform: LINUX, platformName: Android, platformVersion: 9, resetKeyboard: false, statBarHeight: 48, takesScreenshot: true, udid: cf27ceaa7d31, unicodeKeyboard: true, viewportRect: {height: 1296, left: 0, top: 48, width: 720}, warnings: {}, webStorageEnabled: false}
Session ID: 53dcd5eb-5217-46c8-8e3d-3dc095c75f9b
*** Element info: {Using=id, value=com.threefiveeight.adda:id/iv_add_shortcuts}]]>
            </message>
            <full-stacktrace>
              <![CDATA[org.openqa.selenium.NoSuchElementException: An element could not be located on the page using the given search parameters.
For documentation on this error, please visit: https://www.seleniumhq.org/exceptions/no_such_element.html
Build info: version: '3.141.59', revision: 'e82be7d358', time: '2018-11-14T08:17:03'
System info: host: 'DESKTOP-V4V8UK9', ip: '192.168.1.43', os.name: 'Windows 10', os.arch: 'amd64', os.version: '10.0', java.version: '15.0.2'
Driver info: io.appium.java_client.android.AndroidDriver
Capabilities {appActivity: .login.LoginActivity, appPackage: com.threefiveeight.adda, automationName: Appium, databaseEnabled: false, desired: {appActivity: .login.LoginActivity, appPackage: com.threefiveeight.adda, automationName: Appium, deviceName: Redmi, disableAndroidWatchers: true, ignoreHiddenApiPolicyError: true, ignoreUnimportantViews: true, newCommandTimeout: 60, platformName: android, platformVersion: 9 PPR1.180610.011, resetKeyboard: false, udid: cf27ceaa7d31, unicodeKeyboard: true}, deviceApiLevel: 28, deviceManufacturer: Xiaomi, deviceModel: Redmi 6A, deviceName: cf27ceaa7d31, deviceScreenDensity: 320, deviceScreenSize: 720x1440, deviceUDID: cf27ceaa7d31, disableAndroidWatchers: true, ignoreHiddenApiPolicyError: true, ignoreUnimportantViews: true, javascriptEnabled: true, locationContextEnabled: false, networkConnectionEnabled: true, newCommandTimeout: 60, pixelRatio: 2, platform: LINUX, platformName: Android, platformVersion: 9, resetKeyboard: false, statBarHeight: 48, takesScreenshot: true, udid: cf27ceaa7d31, unicodeKeyboard: true, viewportRect: {height: 1296, left: 0, top: 48, width: 720}, warnings: {}, webStorageEnabled: false}
Session ID: 53dcd5eb-5217-46c8-8e3d-3dc095c75f9b
*** Element info: {Using=id, value=com.threefiveeight.adda:id/iv_add_shortcuts}
at java.base/jdk.internal.reflect.NativeConstructorAccessorImpl.newInstance0(Native Method)
at java.base/jdk.internal.reflect.NativeConstructorAccessorImpl.newInstance(NativeConstructorAccessorImpl.java:64)
at java.base/jdk.internal.reflect.DelegatingConstructorAccessorImpl.newInstance(DelegatingConstructorAccessorImpl.java:45)
at java.base/java.lang.reflect.Constructor.newInstanceWithCaller(Constructor.java:500)
at java.base/java.lang.reflect.Constructor.newInstance(Constructor.java:481)
at org.openqa.selenium.remote.http.W3CHttpResponseCodec.createException(W3CHttpResponseCodec.java:187)
at org.openqa.selenium.remote.http.W3CHttpResponseCodec.decode(W3CHttpResponseCodec.java:122)
at org.openqa.selenium.remote.http.W3CHttpResponseCodec.decode(W3CHttpResponseCodec.java:49)
at org.openqa.selenium.remote.HttpCommandExecutor.execute(HttpCommandExecutor.java:158)
at io.appium.java_client.remote.AppiumCommandExecutor.execute(AppiumCommandExecutor.java:247)
at org.openqa.selenium.remote.RemoteWebDriver.execute(RemoteWebDriver.java:552)
at io.appium.java_client.DefaultGenericMobileDriver.execute(DefaultGenericMobileDriver.java:41)
at io.appium.java_client.AppiumDriver.execute(AppiumDriver.java:1)
at io.appium.java_client.android.AndroidDriver.execute(AndroidDriver.java:1)
at org.openqa.selenium.remote.RemoteWebDriver.findElement(RemoteWebDriver.java:323)
at io.appium.java_client.DefaultGenericMobileDriver.findElement(DefaultGenericMobileDriver.java:61)
at io.appium.java_client.AppiumDriver.findElement(AppiumDriver.java:1)
at io.appium.java_client.android.AndroidDriver.findElement(AndroidDriver.java:1)
at org.openqa.selenium.remote.RemoteWebDriver.findElementById(RemoteWebDriver.java:372)
at io.appium.java_client.DefaultGenericMobileDriver.findElementById(DefaultGenericMobileDriver.java:69)
at io.appium.java_client.AppiumDriver.findElementById(AppiumDriver.java:1)
at io.appium.java_client.android.AndroidDriver.findElementById(AndroidDriver.java:1)
at org.openqa.selenium.By$ById.findElement(By.java:188)
at org.openqa.selenium.remote.RemoteWebDriver.findElement(RemoteWebDriver.java:315)
at io.appium.java_client.DefaultGenericMobileDriver.findElement(DefaultGenericMobileDriver.java:57)
at io.appium.java_client.AppiumDriver.findElement(AppiumDriver.java:1)
at io.appium.java_client.android.AndroidDriver.findElement(AndroidDriver.java:1)
at tests.addaautomation.bookFacility(addaautomation.java:232)
at java.base/jdk.internal.reflect.NativeMethodAccessorImpl.invoke0(Native Method)
at java.base/jdk.internal.reflect.NativeMethodAccessorImpl.invoke(NativeMethodAccessorImpl.java:64)
at java.base/jdk.internal.reflect.DelegatingMethodAccessorImpl.invoke(DelegatingMethodAccessorImpl.java:43)
at java.base/java.lang.reflect.Method.invoke(Method.java:564)
at org.testng.internal.MethodInvocationHelper.invokeMethod(MethodInvocationHelper.java:132)
at org.testng.internal.TestInvoker.invokeMethod(TestInvoker.java:599)
at org.testng.internal.TestInvoker.invokeTestMethod(TestInvoker.java:174)
at org.testng.internal.MethodRunner.runInSequence(MethodRunner.java:46)
at org.testng.internal.TestInvoker$MethodInvocationAgent.invoke(TestInvoker.java:822)
at org.testng.internal.TestInvoker.invokeTestMethods(TestInvoker.java:147)
at org.testng.internal.TestMethodWorker.invokeTestMethods(TestMethodWorker.java:146)
at org.testng.internal.TestMethodWorker.run(TestMethodWorker.java:128)
at java.base/java.util.ArrayList.forEach(ArrayList.java:1511)
at org.testng.TestRunner.privateRun(TestRunner.java:764)
at org.testng.TestRunner.run(TestRunner.java:585)
at org.testng.SuiteRunner.runTest(SuiteRunner.java:384)
at org.testng.SuiteRunner.runSequentially(SuiteRunner.java:378)
at org.testng.SuiteRunner.privateRun(SuiteRunner.java:337)
at org.testng.SuiteRunner.run(SuiteRunner.java:286)
at org.testng.SuiteRunnerWorker.runSuite(SuiteRunnerWorker.java:53)
at org.testng.SuiteRunnerWorker.run(SuiteRunnerWorker.java:96)
at org.testng.TestNG.runSuitesSequentially(TestNG.java:1218)
at org.testng.TestNG.runSuitesLocally(TestNG.java:1140)
at org.testng.TestNG.runSuites(TestNG.java:1069)
at org.testng.TestNG.run(TestNG.java:1037)
at org.testng.remote.AbstractRemoteTestNG.run(AbstractRemoteTestNG.java:115)
at org.testng.remote.RemoteTestNG.initAndRun(RemoteTestNG.java:251)
at org.testng.remote.RemoteTestNG.main(RemoteTestNG.java:77)
]]>
            </full-stacktrace>
          </exception> <!-- org.openqa.selenium.NoSuchElementException -->
          <reporter-output>
          </reporter-output>
        </test-method> <!-- bookFacility -->
        <test-method is-config="true" signature="teardown()[pri:0, instance:tests.addaautomation@119cbf96]" started-at="2021-03-12T16:03:25 IST" name="teardown" finished-at="2021-03-12T16:03:25 IST" duration-ms="0" status="PASS">
          <reporter-output>
          </reporter-output>
        </test-method> <!-- teardown -->
      </class> <!-- tests.addaautomation -->
    </test> <!-- Default test -->
  </suite> <!-- Default suite -->
</testng-results>
